#
# A fatal error has been detected by the Java Runtime Environment:
#
#  EXCEPTION_ACCESS_VIOLATION (0xc0000005) at pc=0x000002467e241066, pid=16144, tid=0x0000000000003598
#
# JRE version: Java(TM) SE Runtime Environment (8.0_411) (build 1.8.0_411-b09)
# Java VM: Java HotSpot(TM) 64-Bit Server VM (25.411-b09 mixed mode windows-amd64 compressed oops)
# Problematic frame:
# C  [OpenAL64.dll+0x11066]
#
# Failed to write core dump. Minidumps are not enabled by default on client versions of Windows
#
# If you would like to submit a bug report, please visit:
#   http://bugreport.java.com/bugreport/crash.jsp
# The crash happened outside the Java Virtual Machine in native code.
# See problematic frame for where to report the bug.
#

---------------  T H R E A D  ---------------

Current thread (0x0000024663910000):  JavaThread "main" [_thread_in_native, id=13720, stack(0x000000bc1f500000,0x000000bc1f600000)]

siginfo: ExceptionCode=0xc0000005, reading address 0x000002467b8ee004

Registers:
RAX=0x0000000000000004, RBX=0x000002467e3c0090, RCX=0x000002467b8ee008, RDX=0x000002467b8ee004
RSP=0x000000bc1f5fcbe0, RBP=0x00000000000000ff, RSI=0x000002467b8edacc, RDI=0x0000000000000000
R8 =0x000000000000014e, R9 =0x000002467b8edacc, R10=0x0000024665219a02, R11=0x00007ffe9b77e170
R12=0x0000000000000001, R13=0x000002467dd7bb98, R14=0x000000bc1f5fcd80, R15=0x0000024663910000
RIP=0x000002467e241066, EFLAGS=0x0000000000010202

Top of Stack: (sp=0x000000bc1f5fcbe0)
0x000000bc1f5fcbe0:   0000000000000000 0000024663910000
0x000000bc1f5fcbf0:   000000bc1f5fcd80 000002467dd7bb98
0x000000bc1f5fcc00:   000002467dd7bb98 0000000000000248
0x000000bc1f5fcc10:   0000024663910000 0000000000000000
0x000000bc1f5fcc20:   000000bc1f5fcd48 00007ffe9b6078a2
0x000000bc1f5fcc30:   000000bc1f5fcc60 000002466390f7c0
0x000000bc1f5fcc40:   000002467dd7bb98 0000024663910b90
0x000000bc1f5fcc50:   0000024663910000 000000bc1f5fcd80
0x000000bc1f5fcc60:   000002467dd7bb98 0000000000000000
0x000000bc1f5fcc70:   000002467b8edacc 0000000000000248
0x000000bc1f5fcc80:   000000bc1f5fcd48 000002467e24248f
0x000000bc1f5fcc90:   000002467e3c0090 000002467e3c0090
0x000000bc1f5fcca0:   000002460000ac44 0000024600000004
0x000000bc1f5fccb0:   0000024665207f10 0000024665219a2e
0x000000bc1f5fccc0:   000002467dd7bb98 0000000000000248
0x000000bc1f5fccd0:   0000024665207f10 000002466521973b 

Instructions: (pc=0x000002467e241066)
0x000002467e241046:   41 2b ec 81 3a 03 00 02 00 75 09 8b 01 89 84 24
0x000002467e241056:   c8 00 00 00 49 83 c0 02 48 83 c1 08 4a 8d 14 86
0x000002467e241066:   39 3a 75 af 4c 8d 84 24 c0 00 00 00 48 8d 15 d7
0x000002467e241076:   2b 03 00 33 c9 e8 58 5f 00 00 b8 40 1f 00 00 4c 


Register to memory mapping:

RAX=0x0000000000000004 is an unknown value
RBX=0x000002467e3c0090 is an unknown value
RCX=0x000002467b8ee008 is an unknown value
RDX=0x000002467b8ee004 is an unknown value
RSP=0x000000bc1f5fcbe0 is pointing into the stack for thread: 0x0000024663910000
RBP=0x00000000000000ff is an unknown value
RSI=0x000002467b8edacc is an unknown value
RDI=0x0000000000000000 is an unknown value
R8 =0x000000000000014e is an unknown value
R9 =0x000002467b8edacc is an unknown value
R10=0x0000024665219a02 is at code_begin+962 in an Interpreter codelet
method entry point (kind = native)  [0x0000024665219640, 0x000002466521a0e0]  2720 bytes
R11=0x00007ffe9b77e170 is an unknown value
R12=0x0000000000000001 is an unknown value
R13={method} {0x000002467dd7bba0} 'nalcCreateContext' '(JJ)J' in 'org/lwjgl/openal/ALC10'
R14=0x000000bc1f5fcd80 is pointing into the stack for thread: 0x0000024663910000
R15=0x0000024663910000 is a thread


Stack: [0x000000bc1f500000,0x000000bc1f600000],  sp=0x000000bc1f5fcbe0,  free space=1010k
Native frames: (J=compiled Java code, j=interpreted, Vv=VM code, C=native code)
C  [OpenAL64.dll+0x11066]
C  [OpenAL64.dll+0x1248f]
C  0x0000024665219a2e

Java frames: (J=compiled Java code, j=interpreted, Vv=VM code)
j  org.lwjgl.openal.ALC10.nalcCreateContext(JJ)J+0
j  org.lwjgl.openal.ALC10.alcCreateContext(Lorg/lwjgl/openal/ALCdevice;Ljava/nio/IntBuffer;)Lorg/lwjgl/openal/ALCcontext;+8
j  org.lwjgl.openal.AL.init(Ljava/lang/String;IIZZ)V+69
j  org.lwjgl.openal.AL.create(Ljava/lang/String;IIZZ)V+246
j  org.lwjgl.openal.AL.create(Ljava/lang/String;IIZ)V+5
j  org.lwjgl.openal.AL.create()V+6
j  com.badlogic.gdx.backends.lwjgl.audio.OpenALAudio.<init>(III)V+114
j  com.badlogic.gdx.backends.lwjgl.LwjglApplication.<init>(Lcom/badlogic/gdx/ApplicationListener;Lcom/badlogic/gdx/backends/lwjgl/LwjglApplicationConfiguration;Lcom/badlogic/gdx/backends/lwjgl/LwjglGraphics;)V+120
j  com.badlogic.gdx.backends.lwjgl.LwjglApplication.<init>(Lcom/badlogic/gdx/ApplicationListener;Lcom/badlogic/gdx/backends/lwjgl/LwjglApplicationConfiguration;)V+11
j  org.uqbar.project.wollok.game.gameboard.WollokGDXApplication.<init>(Lorg/uqbar/project/wollok/game/gameboard/Gameboard;Ljava/lang/Boolean;)V+17
j  org.uqbar.project.wollok.game.helpers.Application.start(Lorg/uqbar/project/wollok/game/gameboard/Gameboard;Ljava/lang/Boolean;)V+5
j  org.uqbar.project.wollok.game.gameboard.Gameboard.start(Ljava/lang/Boolean;)V+13
j  wollok.game.GameObject.doStart(Ljava/lang/Boolean;)V+12
v  ~StubRoutines::call_stub
j  sun.reflect.NativeMethodAccessorImpl.invoke0(Ljava/lang/reflect/Method;Ljava/lang/Object;[Ljava/lang/Object;)Ljava/lang/Object;+0
j  sun.reflect.NativeMethodAccessorImpl.invoke(Ljava/lang/Object;[Ljava/lang/Object;)Ljava/lang/Object;+100
J 2637 C1 sun.reflect.DelegatingMethodAccessorImpl.invoke(Ljava/lang/Object;[Ljava/lang/Object;)Ljava/lang/Object; (10 bytes) @ 0x0000024665aa1484 [0x0000024665aa1380+0x104]
J 2636 C1 java.lang.reflect.Method.invoke(Ljava/lang/Object;[Ljava/lang/Object;)Ljava/lang/Object; (62 bytes) @ 0x0000024665aa0b84 [0x0000024665aa07c0+0x3c4]
j  org.uqbar.project.wollok.ui.utils.XTendUtilExtensions.invokeConvertingArgs(Ljava/lang/reflect/Method;Ljava/lang/Object;[Ljava/lang/Object;)Lorg/uqbar/project/wollok/interpreter/core/WollokObject;+261
j  org.uqbar.project.wollok.interpreter.AbstractWollokCallable._invokeNative(Ljava/lang/Object;Ljava/lang/String;[Lorg/uqbar/project/wollok/interpreter/core/WollokObject;)Lorg/uqbar/project/wollok/interpreter/core/WollokObject;+41
j  org.uqbar.project.wollok.interpreter.AbstractWollokCallable.invokeNative(Ljava/lang/Object;Ljava/lang/String;[Lorg/uqbar/project/wollok/interpreter/core/WollokObject;)Lorg/uqbar/project/wollok/interpreter/core/WollokObject;+26
j  org.uqbar.project.wollok.interpreter.AbstractWollokCallable$1.apply()Lorg/uqbar/project/wollok/interpreter/core/WollokObject;+55
j  org.uqbar.project.wollok.interpreter.AbstractWollokCallable$1.apply()Ljava/lang/Object;+1
j  org.uqbar.project.wollok.interpreter.threads.WThread.performOnStack(Lorg/eclipse/emf/ecore/EObject;Lorg/uqbar/project/wollok/interpreter/context/EvaluationContext;Lorg/eclipse/xtext/xbase/lib/Functions$Function0;)Lorg/uqbar/project/wollok/interpreter/core/WollokObject;+29
j  org.uqbar.project.wollok.interpreter.WollokInterpreter.performOnStack(Lorg/eclipse/emf/ecore/EObject;Lorg/uqbar/project/wollok/interpreter/context/EvaluationContext;Lorg/eclipse/xtext/xbase/lib/Functions$Function0;)Lorg/uqbar/project/wollok/interpreter/core/WollokObject;+7
j  org.uqbar.project.wollok.interpreter.AbstractWollokCallable.call(Lorg/uqbar/project/wollok/wollokDsl/WMethodDeclaration;[Lorg/uqbar/project/wollok/interpreter/core/WollokObject;)Lorg/uqbar/project/wollok/interpreter/core/WollokObject;+38
j  org.uqbar.project.wollok.interpreter.core.WollokObject.call(Ljava/lang/String;[Lorg/uqbar/project/wollok/interpreter/core/WollokObject;)Lorg/uqbar/project/wollok/interpreter/core/WollokObject;+55
j  org.uqbar.project.wollok.interpreter.WollokInterpreterEvaluator._evaluate(Lorg/uqbar/project/wollok/wollokDsl/WFeatureCall;)Lorg/uqbar/project/wollok/interpreter/core/WollokObject;+119
j  org.uqbar.project.wollok.launch.WollokLauncherInterpreterEvaluator.evaluate(Lorg/eclipse/emf/ecore/EObject;)Lorg/uqbar/project/wollok/interpreter/core/WollokObject;+412
j  org.uqbar.project.wollok.interpreter.WollokInterpreterEvaluator.evaluate(Lorg/eclipse/emf/ecore/EObject;)Ljava/lang/Object;+2
j  org.uqbar.project.wollok.interpreter.WollokInterpreter.eval(Lorg/eclipse/emf/ecore/EObject;)Lorg/uqbar/project/wollok/interpreter/core/WollokObject;+63
j  org.uqbar.project.wollok.interpreter.WollokInterpreterEvaluator.eval(Lorg/eclipse/emf/ecore/EObject;)Lorg/uqbar/project/wollok/interpreter/core/WollokObject;+5
j  org.uqbar.project.wollok.interpreter.WollokInterpreterEvaluator$1.apply(Lorg/uqbar/project/wollok/interpreter/core/WollokObject;Lorg/eclipse/emf/ecore/EObject;)Lorg/uqbar/project/wollok/interpreter/core/WollokObject;+5
j  org.uqbar.project.wollok.interpreter.WollokInterpreterEvaluator$1.apply(Ljava/lang/Object;Ljava/lang/Object;)Ljava/lang/Object;+9
j  org.eclipse.xtext.xbase.lib.IteratorExtensions.fold(Ljava/util/Iterator;Ljava/lang/Object;Lorg/eclipse/xtext/xbase/lib/Functions$Function2;)Ljava/lang/Object;+19
j  org.eclipse.xtext.xbase.lib.IterableExtensions.fold(Ljava/lang/Iterable;Ljava/lang/Object;Lorg/eclipse/xtext/xbase/lib/Functions$Function2;)Ljava/lang/Object;+8
j  org.uqbar.project.wollok.interpreter.WollokInterpreterEvaluator.evalAll(Ljava/lang/Iterable;)Lorg/uqbar/project/wollok/interpreter/core/WollokObject;+12
j  org.uqbar.project.wollok.interpreter.WollokInterpreterEvaluator._evaluate(Lorg/uqbar/project/wollok/wollokDsl/WBlockExpression;)Lorg/uqbar/project/wollok/interpreter/core/WollokObject;+34
j  org.uqbar.project.wollok.launch.WollokLauncherInterpreterEvaluator.evaluate(Lorg/eclipse/emf/ecore/EObject;)Lorg/uqbar/project/wollok/interpreter/core/WollokObject;+76
j  org.uqbar.project.wollok.interpreter.WollokInterpreterEvaluator.evaluate(Lorg/eclipse/emf/ecore/EObject;)Ljava/lang/Object;+2
j  org.uqbar.project.wollok.interpreter.WollokInterpreter.eval(Lorg/eclipse/emf/ecore/EObject;)Lorg/uqbar/project/wollok/interpreter/core/WollokObject;+63
j  org.uqbar.project.wollok.interpreter.AbstractWollokCallable.eval(Lorg/eclipse/emf/ecore/EObject;)Lorg/uqbar/project/wollok/interpreter/core/WollokObject;+5
j  org.uqbar.project.wollok.interpreter.AbstractWollokCallable$1.apply()Lorg/uqbar/project/wollok/interpreter/core/WollokObject;+110
j  org.uqbar.project.wollok.interpreter.AbstractWollokCallable$1.apply()Ljava/lang/Object;+1
j  org.uqbar.project.wollok.interpreter.threads.WThread.performOnStack(Lorg/eclipse/emf/ecore/EObject;Lorg/uqbar/project/wollok/interpreter/context/EvaluationContext;Lorg/eclipse/xtext/xbase/lib/Functions$Function0;)Lorg/uqbar/project/wollok/interpreter/core/WollokObject;+29
j  org.uqbar.project.wollok.interpreter.WollokInterpreter.performOnStack(Lorg/eclipse/emf/ecore/EObject;Lorg/uqbar/project/wollok/interpreter/context/EvaluationContext;Lorg/eclipse/xtext/xbase/lib/Functions$Function0;)Lorg/uqbar/project/wollok/interpreter/core/WollokObject;+7
j  org.uqbar.project.wollok.interpreter.AbstractWollokCallable.call(Lorg/uqbar/project/wollok/wollokDsl/WMethodDeclaration;[Lorg/uqbar/project/wollok/interpreter/core/WollokObject;)Lorg/uqbar/project/wollok/interpreter/core/WollokObject;+38
j  org.uqbar.project.wollok.interpreter.core.WollokObject.call(Ljava/lang/String;[Lorg/uqbar/project/wollok/interpreter/core/WollokObject;)Lorg/uqbar/project/wollok/interpreter/core/WollokObject;+55
j  org.uqbar.project.wollok.interpreter.WollokInterpreterEvaluator._evaluate(Lorg/uqbar/project/wollok/wollokDsl/WFeatureCall;)Lorg/uqbar/project/wollok/interpreter/core/WollokObject;+119
j  org.uqbar.project.wollok.launch.WollokLauncherInterpreterEvaluator.evaluate(Lorg/eclipse/emf/ecore/EObject;)Lorg/uqbar/project/wollok/interpreter/core/WollokObject;+412
j  org.uqbar.project.wollok.interpreter.WollokInterpreterEvaluator.evaluate(Lorg/eclipse/emf/ecore/EObject;)Ljava/lang/Object;+2
j  org.uqbar.project.wollok.interpreter.WollokInterpreter.eval(Lorg/eclipse/emf/ecore/EObject;)Lorg/uqbar/project/wollok/interpreter/core/WollokObject;+63
j  org.uqbar.project.wollok.interpreter.WollokInterpreterEvaluator.eval(Lorg/eclipse/emf/ecore/EObject;)Lorg/uqbar/project/wollok/interpreter/core/WollokObject;+5
j  org.uqbar.project.wollok.interpreter.WollokInterpreterEvaluator$1.apply(Lorg/uqbar/project/wollok/interpreter/core/WollokObject;Lorg/eclipse/emf/ecore/EObject;)Lorg/uqbar/project/wollok/interpreter/core/WollokObject;+5
j  org.uqbar.project.wollok.interpreter.WollokInterpreterEvaluator$1.apply(Ljava/lang/Object;Ljava/lang/Object;)Ljava/lang/Object;+9
j  org.eclipse.xtext.xbase.lib.IteratorExtensions.fold(Ljava/util/Iterator;Ljava/lang/Object;Lorg/eclipse/xtext/xbase/lib/Functions$Function2;)Ljava/lang/Object;+19
j  org.eclipse.xtext.xbase.lib.IterableExtensions.fold(Ljava/lang/Iterable;Ljava/lang/Object;Lorg/eclipse/xtext/xbase/lib/Functions$Function2;)Ljava/lang/Object;+8
j  org.uqbar.project.wollok.interpreter.WollokInterpreterEvaluator.evalAll(Ljava/lang/Iterable;)Lorg/uqbar/project/wollok/interpreter/core/WollokObject;+12
j  org.uqbar.project.wollok.interpreter.WollokInterpreterEvaluator._evaluate(Lorg/uqbar/project/wollok/wollokDsl/WProgram;)Lorg/uqbar/project/wollok/interpreter/core/WollokObject;+18
j  org.uqbar.project.wollok.launch.WollokLauncherInterpreterEvaluator.evaluate(Lorg/eclipse/emf/ecore/EObject;)Lorg/uqbar/project/wollok/interpreter/core/WollokObject;+444
j  org.uqbar.project.wollok.interpreter.WollokInterpreterEvaluator.evaluate(Lorg/eclipse/emf/ecore/EObject;)Ljava/lang/Object;+2
j  org.uqbar.project.wollok.interpreter.WollokInterpreter.eval(Lorg/eclipse/emf/ecore/EObject;)Lorg/uqbar/project/wollok/interpreter/core/WollokObject;+63
j  org.uqbar.project.wollok.interpreter.WollokInterpreterEvaluator.eval(Lorg/eclipse/emf/ecore/EObject;)Lorg/uqbar/project/wollok/interpreter/core/WollokObject;+5
j  org.uqbar.project.wollok.launch.WollokLauncherInterpreterEvaluator._evaluate(Lorg/uqbar/project/wollok/wollokDsl/WFile;)Lorg/uqbar/project/wollok/interpreter/core/WollokObject;+32
j  org.uqbar.project.wollok.launch.WollokLauncherInterpreterEvaluator.evaluate(Lorg/eclipse/emf/ecore/EObject;)Lorg/uqbar/project/wollok/interpreter/core/WollokObject;+428
j  org.uqbar.project.wollok.interpreter.WollokInterpreterEvaluator.evaluate(Lorg/eclipse/emf/ecore/EObject;)Ljava/lang/Object;+2
j  org.uqbar.project.wollok.interpreter.WollokInterpreter.interpret(Lorg/eclipse/emf/ecore/EObject;Ljava/lang/Boolean;)Lorg/uqbar/project/wollok/interpreter/core/WollokObject;+25
j  org.uqbar.project.wollok.interpreter.WollokInterpreter.interpret(Lorg/eclipse/emf/ecore/EObject;)Lorg/uqbar/project/wollok/interpreter/core/WollokObject;+8
j  org.uqbar.project.wollok.launch.WollokLauncher.doSomething(Lorg/uqbar/project/wollok/wollokDsl/WFile;Lcom/google/inject/Injector;Ljava/io/File;Lorg/uqbar/project/wollok/launch/WollokLauncherParameters;)V+109
j  org.uqbar.project.wollok.launch.WollokChecker.launch(Ljava/lang/String;Lorg/uqbar/project/wollok/launch/WollokLauncherParameters;)V+31
j  org.uqbar.project.wollok.launch.WollokChecker.doMain([Ljava/lang/String;)V+205
j  org.uqbar.project.wollok.launch.WollokLauncher.main([Ljava/lang/String;)V+8
v  ~StubRoutines::call_stub

---------------  P R O C E S S  ---------------

Java Threads: ( => current thread )
  0x000002467b019000 JavaThread "com.google.inject.internal.util.$Finalizer" daemon [_thread_blocked, id=4364, stack(0x000000bc20a00000,0x000000bc20b00000)]
  0x000002467abff800 JavaThread "EMF Reference Cleaner" daemon [_thread_blocked, id=13112, stack(0x000000bc20900000,0x000000bc20a00000)]
  0x000002467a608800 JavaThread "Service Thread" daemon [_thread_blocked, id=14812, stack(0x000000bc20700000,0x000000bc20800000)]
  0x000002467879f800 JavaThread "C1 CompilerThread3" daemon [_thread_blocked, id=5472, stack(0x000000bc20600000,0x000000bc20700000)]
  0x000002467879c800 JavaThread "C2 CompilerThread2" daemon [_thread_blocked, id=7504, stack(0x000000bc20500000,0x000000bc20600000)]
  0x0000024678795000 JavaThread "C2 CompilerThread1" daemon [_thread_blocked, id=10724, stack(0x000000bc20400000,0x000000bc20500000)]
  0x000002467878b000 JavaThread "C2 CompilerThread0" daemon [_thread_blocked, id=13144, stack(0x000000bc20300000,0x000000bc20400000)]
  0x000002467878a000 JavaThread "Attach Listener" daemon [_thread_blocked, id=14652, stack(0x000000bc20200000,0x000000bc20300000)]
  0x0000024678789000 JavaThread "Signal Dispatcher" daemon [_thread_blocked, id=7232, stack(0x000000bc20100000,0x000000bc20200000)]
  0x0000024678768000 JavaThread "Finalizer" daemon [_thread_blocked, id=10080, stack(0x000000bc20000000,0x000000bc20100000)]
  0x0000024678741000 JavaThread "Reference Handler" daemon [_thread_blocked, id=8352, stack(0x000000bc1ff00000,0x000000bc20000000)]
=>0x0000024663910000 JavaThread "main" [_thread_in_native, id=13720, stack(0x000000bc1f500000,0x000000bc1f600000)]

Other Threads:
  0x0000024678737800 VMThread [stack: 0x000000bc1fe00000,0x000000bc1ff00000] [id=14596]
  0x000002467a629800 WatcherThread [stack: 0x000000bc20800000,0x000000bc20900000] [id=4804]

VM state:not at safepoint (normal execution)

VM Mutex/Monitor currently owned by a thread: None

heap address: 0x00000000a1800000, size: 1512 MB, Compressed Oops mode: 32-bit
Narrow klass base: 0x0000000000000000, Narrow klass shift: 3
Compressed class space size: 1073741824 Address: 0x0000000100000000

Heap:
 PSYoungGen      total 112128K, used 4071K [0x00000000e0800000, 0x00000000e8400000, 0x0000000100000000)
  eden space 98304K, 4% used [0x00000000e0800000,0x00000000e0bf9e10,0x00000000e6800000)
  from space 13824K, 0% used [0x00000000e7680000,0x00000000e7680000,0x00000000e8400000)
  to   space 14336K, 0% used [0x00000000e6800000,0x00000000e6800000,0x00000000e7600000)
 ParOldGen       total 71168K, used 22088K [0x00000000a1800000, 0x00000000a5d80000, 0x00000000e0800000)
  object space 71168K, 31% used [0x00000000a1800000,0x00000000a2d92048,0x00000000a5d80000)
 Metaspace       used 21500K, capacity 21788K, committed 22144K, reserved 1069056K
  class space    used 2749K, capacity 2854K, committed 2944K, reserved 1048576K

Card table byte_map: [0x00000246745c0000,0x00000246748c0000] byte_map_base: 0x00000246740b4000

Marking Bits: (ParMarkBitMap*) 0x00007ffe9bd770d0
 Begin Bits: [0x0000024674ac0000, 0x0000024676260000)
 End Bits:   [0x0000024676260000, 0x0000024677a00000)

Polling page: 0x00000246638b0000

CodeCache: size=245760Kb used=10197Kb max_used=10197Kb free=235562Kb
 bounds [0x0000024665200000, 0x0000024665c00000, 0x0000024674200000]
 total_blobs=3524 nmethods=3069 adapters=368
 compilation: enabled

Compilation events (10 events):
Event: 4.641 Thread 0x000002467879f800 3064       3       java.io.WinNTFileSystem::normalize (143 bytes)
Event: 4.643 Thread 0x000002467879f800 nmethod 3064 0x0000024665bfa610 code [0x0000024665bfa800, 0x0000024665bfb030]
Event: 4.655 Thread 0x000002467879f800 3065       3       java.nio.DirectByteBuffer::put (18 bytes)
Event: 4.655 Thread 0x000002467879f800 nmethod 3065 0x0000024665bfb990 code [0x0000024665bfbb00, 0x0000024665bfbd78]
Event: 4.655 Thread 0x000002467879f800 3066       3       java.nio.DirectByteBuffer::ix (10 bytes)
Event: 4.656 Thread 0x000002467879f800 nmethod 3066 0x0000024665bfbe90 code [0x0000024665bfbfe0, 0x0000024665bfc138]
Event: 4.656 Thread 0x000002467879f800 3068       3       java.nio.DirectByteBuffer::put (18 bytes)
Event: 4.657 Thread 0x000002467879f800 nmethod 3068 0x0000024665bfc1d0 code [0x0000024665bfc340, 0x0000024665bfc5b8]
Event: 4.657 Thread 0x000002467879f800 3069       1       java.nio.DirectByteBuffer::ix (10 bytes)
Event: 4.657 Thread 0x000002467879f800 nmethod 3069 0x0000024665bfc6d0 code [0x0000024665bfc820, 0x0000024665bfc938]

GC Heap History (10 events):
Event: 1.391 GC heap before
{Heap before GC invocations=3 (full 0):
 PSYoungGen      total 28672K, used 28656K [0x00000000e0800000, 0x00000000e4000000, 0x0000000100000000)
  eden space 24576K, 100% used [0x00000000e0800000,0x00000000e2000000,0x00000000e2000000)
  from space 4096K, 99% used [0x00000000e2400000,0x00000000e27fc010,0x00000000e2800000)
  to   space 4096K, 0% used [0x00000000e2000000,0x00000000e2000000,0x00000000e2400000)
 ParOldGen       total 65536K, used 2509K [0x00000000a1800000, 0x00000000a5800000, 0x00000000e0800000)
  object space 65536K, 3% used [0x00000000a1800000,0x00000000a1a73708,0x00000000a5800000)
 Metaspace       used 10521K, capacity 10720K, committed 10880K, reserved 1058816K
  class space    used 1285K, capacity 1352K, committed 1408K, reserved 1048576K
Event: 1.401 GC heap after
Heap after GC invocations=3 (full 0):
 PSYoungGen      total 28672K, used 4064K [0x00000000e0800000, 0x00000000e4000000, 0x0000000100000000)
  eden space 24576K, 0% used [0x00000000e0800000,0x00000000e0800000,0x00000000e2000000)
  from space 4096K, 99% used [0x00000000e2000000,0x00000000e23f8030,0x00000000e2400000)
  to   space 4096K, 0% used [0x00000000e3c00000,0x00000000e3c00000,0x00000000e4000000)
 ParOldGen       total 65536K, used 6538K [0x00000000a1800000, 0x00000000a5800000, 0x00000000e0800000)
  object space 65536K, 9% used [0x00000000a1800000,0x00000000a1e62860,0x00000000a5800000)
 Metaspace       used 10521K, capacity 10720K, committed 10880K, reserved 1058816K
  class space    used 1285K, capacity 1352K, committed 1408K, reserved 1048576K
}
Event: 1.944 GC heap before
{Heap before GC invocations=4 (full 0):
 PSYoungGen      total 28672K, used 28640K [0x00000000e0800000, 0x00000000e4000000, 0x0000000100000000)
  eden space 24576K, 100% used [0x00000000e0800000,0x00000000e2000000,0x00000000e2000000)
  from space 4096K, 99% used [0x00000000e2000000,0x00000000e23f8030,0x00000000e2400000)
  to   space 4096K, 0% used [0x00000000e3c00000,0x00000000e3c00000,0x00000000e4000000)
 ParOldGen       total 65536K, used 6538K [0x00000000a1800000, 0x00000000a5800000, 0x00000000e0800000)
  object space 65536K, 9% used [0x00000000a1800000,0x00000000a1e62860,0x00000000a5800000)
 Metaspace       used 13336K, capacity 13548K, committed 13824K, reserved 1060864K
  class space    used 1680K, capacity 1738K, committed 1792K, reserved 1048576K
Event: 1.956 GC heap after
Heap after GC invocations=4 (full 0):
 PSYoungGen      total 53248K, used 4064K [0x00000000e0800000, 0x00000000e4000000, 0x0000000100000000)
  eden space 49152K, 0% used [0x00000000e0800000,0x00000000e0800000,0x00000000e3800000)
  from space 4096K, 99% used [0x00000000e3c00000,0x00000000e3ff8030,0x00000000e4000000)
  to   space 4096K, 0% used [0x00000000e3800000,0x00000000e3800000,0x00000000e3c00000)
 ParOldGen       total 65536K, used 11884K [0x00000000a1800000, 0x00000000a5800000, 0x00000000e0800000)
  object space 65536K, 18% used [0x00000000a1800000,0x00000000a239b0a8,0x00000000a5800000)
 Metaspace       used 13336K, capacity 13548K, committed 13824K, reserved 1060864K
  class space    used 1680K, capacity 1738K, committed 1792K, reserved 1048576K
}
Event: 3.275 GC heap before
{Heap before GC invocations=5 (full 0):
 PSYoungGen      total 53248K, used 53216K [0x00000000e0800000, 0x00000000e4000000, 0x0000000100000000)
  eden space 49152K, 100% used [0x00000000e0800000,0x00000000e3800000,0x00000000e3800000)
  from space 4096K, 99% used [0x00000000e3c00000,0x00000000e3ff8030,0x00000000e4000000)
  to   space 4096K, 0% used [0x00000000e3800000,0x00000000e3800000,0x00000000e3c00000)
 ParOldGen       total 65536K, used 11884K [0x00000000a1800000, 0x00000000a5800000, 0x00000000e0800000)
  object space 65536K, 18% used [0x00000000a1800000,0x00000000a239b0a8,0x00000000a5800000)
 Metaspace       used 19139K, capacity 19382K, committed 19840K, reserved 1067008K
  class space    used 2492K, capacity 2583K, committed 2688K, reserved 1048576K
Event: 3.291 GC heap after
Heap after GC invocations=5 (full 0):
 PSYoungGen      total 53248K, used 4064K [0x00000000e0800000, 0x00000000e8500000, 0x0000000100000000)
  eden space 49152K, 0% used [0x00000000e0800000,0x00000000e0800000,0x00000000e3800000)
  from space 4096K, 99% used [0x00000000e3800000,0x00000000e3bf8030,0x00000000e3c00000)
  to   space 14848K, 0% used [0x00000000e7680000,0x00000000e7680000,0x00000000e8500000)
 ParOldGen       total 65536K, used 21910K [0x00000000a1800000, 0x00000000a5800000, 0x00000000e0800000)
  object space 65536K, 33% used [0x00000000a1800000,0x00000000a2d659b0,0x00000000a5800000)
 Metaspace       used 19139K, capacity 19382K, committed 19840K, reserved 1067008K
  class space    used 2492K, capacity 2583K, committed 2688K, reserved 1048576K
}
Event: 4.018 GC heap before
{Heap before GC invocations=6 (full 0):
 PSYoungGen      total 53248K, used 26552K [0x00000000e0800000, 0x00000000e8500000, 0x0000000100000000)
  eden space 49152K, 45% used [0x00000000e0800000,0x00000000e1df6270,0x00000000e3800000)
  from space 4096K, 99% used [0x00000000e3800000,0x00000000e3bf8030,0x00000000e3c00000)
  to   space 14848K, 0% used [0x00000000e7680000,0x00000000e7680000,0x00000000e8500000)
 ParOldGen       total 65536K, used 21910K [0x00000000a1800000, 0x00000000a5800000, 0x00000000e0800000)
  object space 65536K, 33% used [0x00000000a1800000,0x00000000a2d659b0,0x00000000a5800000)
 Metaspace       used 20810K, capacity 21052K, committed 21248K, reserved 1067008K
  class space    used 2668K, capacity 2758K, committed 2816K, reserved 1048576K
Event: 4.033 GC heap after
Heap after GC invocations=6 (full 0):
 PSYoungGen      total 112128K, used 6856K [0x00000000e0800000, 0x00000000e8400000, 0x0000000100000000)
  eden space 98304K, 0% used [0x00000000e0800000,0x00000000e0800000,0x00000000e6800000)
  from space 13824K, 49% used [0x00000000e7680000,0x00000000e7d32148,0x00000000e8400000)
  to   space 14336K, 0% used [0x00000000e6800000,0x00000000e6800000,0x00000000e7600000)
 ParOldGen       total 65536K, used 21918K [0x00000000a1800000, 0x00000000a5800000, 0x00000000e0800000)
  object space 65536K, 33% used [0x00000000a1800000,0x00000000a2d679b0,0x00000000a5800000)
 Metaspace       used 20810K, capacity 21052K, committed 21248K, reserved 1067008K
  class space    used 2668K, capacity 2758K, committed 2816K, reserved 1048576K
}
Event: 4.033 GC heap before
{Heap before GC invocations=7 (full 1):
 PSYoungGen      total 112128K, used 6856K [0x00000000e0800000, 0x00000000e8400000, 0x0000000100000000)
  eden space 98304K, 0% used [0x00000000e0800000,0x00000000e0800000,0x00000000e6800000)
  from space 13824K, 49% used [0x00000000e7680000,0x00000000e7d32148,0x00000000e8400000)
  to   space 14336K, 0% used [0x00000000e6800000,0x00000000e6800000,0x00000000e7600000)
 ParOldGen       total 65536K, used 21918K [0x00000000a1800000, 0x00000000a5800000, 0x00000000e0800000)
  object space 65536K, 33% used [0x00000000a1800000,0x00000000a2d679b0,0x00000000a5800000)
 Metaspace       used 20810K, capacity 21052K, committed 21248K, reserved 1067008K
  class space    used 2668K, capacity 2758K, committed 2816K, reserved 1048576K
Event: 4.115 GC heap after
Heap after GC invocations=7 (full 1):
 PSYoungGen      total 112128K, used 0K [0x00000000e0800000, 0x00000000e8400000, 0x0000000100000000)
  eden space 98304K, 0% used [0x00000000e0800000,0x00000000e0800000,0x00000000e6800000)
  from space 13824K, 0% used [0x00000000e7680000,0x00000000e7680000,0x00000000e8400000)
  to   space 14336K, 0% used [0x00000000e6800000,0x00000000e6800000,0x00000000e7600000)
 ParOldGen       total 71168K, used 22088K [0x00000000a1800000, 0x00000000a5d80000, 0x00000000e0800000)
  object space 71168K, 31% used [0x00000000a1800000,0x00000000a2d92048,0x00000000a5d80000)
 Metaspace       used 20810K, capacity 21052K, committed 21248K, reserved 1067008K
  class space    used 2668K, capacity 2758K, committed 2816K, reserved 1048576K
}

Deoptimization events (10 events):
Event: 3.394 Thread 0x0000024663910000 Uncommon trap: reason=unstable_if action=reinterpret pc=0x0000024665880984 method=org.antlr.runtime.ANTLRStringStream.mark()I @ 4
Event: 3.395 Thread 0x0000024663910000 Uncommon trap: reason=class_check action=maybe_recompile pc=0x00000246659179a8 method=org.eclipse.xtext.nodemodel.impl.NodeModelBuilder.addChild(Lorg/eclipse/xtext/nodemodel/ICompositeNode;Lorg/eclipse/xtext/nodemodel/impl/AbstractNode;)V @ 6
Event: 3.406 Thread 0x0000024663910000 Uncommon trap: reason=unstable_if action=reinterpret pc=0x00000246659cdbf4 method=org.uqbar.project.wollok.parser.antlr.internal.InternalWollokDslLexer.mRULE_ML_COMMENT()V @ 66
Event: 3.406 Thread 0x0000024663910000 Uncommon trap: reason=class_check action=maybe_recompile pc=0x00000246659179a8 method=org.eclipse.xtext.nodemodel.impl.NodeModelBuilder.addChild(Lorg/eclipse/xtext/nodemodel/ICompositeNode;Lorg/eclipse/xtext/nodemodel/impl/AbstractNode;)V @ 6
Event: 3.407 Thread 0x0000024663910000 Uncommon trap: reason=unstable_if action=reinterpret pc=0x00000246659445c8 method=java.util.HashMap.computeIfAbsent(Ljava/lang/Object;Ljava/util/function/Function;)Ljava/lang/Object; @ 44
Event: 3.430 Thread 0x0000024663910000 Uncommon trap: reason=class_check action=maybe_recompile pc=0x00000246659179a8 method=org.eclipse.xtext.nodemodel.impl.NodeModelBuilder.addChild(Lorg/eclipse/xtext/nodemodel/ICompositeNode;Lorg/eclipse/xtext/nodemodel/impl/AbstractNode;)V @ 6
Event: 3.442 Thread 0x0000024663910000 Uncommon trap: reason=class_check action=maybe_recompile pc=0x0000024665917288 method=org.eclipse.xtext.nodemodel.impl.NodeModelBuilder.addChild(Lorg/eclipse/xtext/nodemodel/ICompositeNode;Lorg/eclipse/xtext/nodemodel/impl/AbstractNode;)V @ 6
Event: 3.642 Thread 0x0000024663910000 Uncommon trap: reason=unstable_if action=reinterpret pc=0x00000246656eef4c method=java.util.concurrent.ConcurrentHashMap.putVal(Ljava/lang/Object;Ljava/lang/Object;Z)Ljava/lang/Object; @ 181
Event: 3.755 Thread 0x0000024663910000 Uncommon trap: reason=unstable_if action=reinterpret pc=0x00000246655b2d84 method=java.lang.ThreadLocal$ThreadLocalMap.getEntry(Ljava/lang/ThreadLocal;)Ljava/lang/ThreadLocal$ThreadLocalMap$Entry; @ 29
Event: 4.140 Thread 0x0000024663910000 Uncommon trap: reason=unstable_if action=reinterpret pc=0x0000024665b13564 method=java.io.WinNTFileSystem.normalize(Ljava/lang/String;)Ljava/lang/String; @ 49

Classes redefined (0 events):
No events

Internal exceptions (10 events):
Event: 3.873 Thread 0x0000024663910000 Exception <a 'java/lang/reflect/InvocationTargetException'> (0x00000000e1944df8) thrown at [C:\jenkins\workspace\8-2-build-windows-x64-cygwin-sans-NAS\jdk8u411\893\hotspot\src\share\vm\runtime\reflection.cpp, line 1092]
Event: 3.880 Thread 0x0000024663910000 Exception <a 'java/lang/reflect/InvocationTargetException'> (0x00000000e1980370) thrown at [C:\jenkins\workspace\8-2-build-windows-x64-cygwin-sans-NAS\jdk8u411\893\hotspot\src\share\vm\runtime\reflection.cpp, line 1092]
Event: 3.882 Thread 0x0000024663910000 Exception <a 'java/lang/reflect/InvocationTargetException'> (0x00000000e1999240) thrown at [C:\jenkins\workspace\8-2-build-windows-x64-cygwin-sans-NAS\jdk8u411\893\hotspot\src\share\vm\runtime\reflection.cpp, line 1092]
Event: 3.885 Thread 0x0000024663910000 Exception <a 'java/lang/reflect/InvocationTargetException'> (0x00000000e19b4968) thrown at [C:\jenkins\workspace\8-2-build-windows-x64-cygwin-sans-NAS\jdk8u411\893\hotspot\src\share\vm\runtime\reflection.cpp, line 1092]
Event: 4.668 Thread 0x0000024663910000 Exception <a 'java/security/PrivilegedActionException'> (0x00000000e0b16c38) thrown at [C:\jenkins\workspace\8-2-build-windows-x64-cygwin-sans-NAS\jdk8u411\893\hotspot\src\share\vm\prims\jvm.cpp, line 1513]
Event: 4.668 Thread 0x0000024663910000 Exception <a 'java/security/PrivilegedActionException'> (0x00000000e0b18168) thrown at [C:\jenkins\workspace\8-2-build-windows-x64-cygwin-sans-NAS\jdk8u411\893\hotspot\src\share\vm\prims\jvm.cpp, line 1513]
Event: 4.668 Thread 0x0000024663910000 Exception <a 'java/security/PrivilegedActionException'> (0x00000000e0b19598) thrown at [C:\jenkins\workspace\8-2-build-windows-x64-cygwin-sans-NAS\jdk8u411\893\hotspot\src\share\vm\prims\jvm.cpp, line 1513]
Event: 4.668 Thread 0x0000024663910000 Exception <a 'java/security/PrivilegedActionException'> (0x00000000e0b1ac58) thrown at [C:\jenkins\workspace\8-2-build-windows-x64-cygwin-sans-NAS\jdk8u411\893\hotspot\src\share\vm\prims\jvm.cpp, line 1513]
Event: 4.668 Thread 0x0000024663910000 Exception <a 'java/security/PrivilegedActionException'> (0x00000000e0b1c050) thrown at [C:\jenkins\workspace\8-2-build-windows-x64-cygwin-sans-NAS\jdk8u411\893\hotspot\src\share\vm\prims\jvm.cpp, line 1513]
Event: 4.668 Thread 0x0000024663910000 Exception <a 'java/security/PrivilegedActionException'> (0x00000000e0b1d418) thrown at [C:\jenkins\workspace\8-2-build-windows-x64-cygwin-sans-NAS\jdk8u411\893\hotspot\src\share\vm\prims\jvm.cpp, line 1513]

Events (10 events):
Event: 4.705 loading class org/lwjgl/openal/ALCdevice
Event: 4.705 loading class org/lwjgl/openal/ALCdevice done
Event: 4.706 loading class org/lwjgl/openal/ALCcontext
Event: 4.706 loading class org/lwjgl/openal/ALCcontext done
Event: 4.707 loading class java/nio/DirectIntBufferU
Event: 4.707 loading class java/nio/DirectIntBufferU done
Event: 4.707 loading class org/lwjgl/openal/Util
Event: 4.707 loading class org/lwjgl/openal/Util done
Event: 4.707 loading class org/lwjgl/openal/OpenALException
Event: 4.707 loading class org/lwjgl/openal/OpenALException done


Dynamic libraries:
0x00007ff75a7a0000 - 0x00007ff75a7ea000 	C:\Program Files\Java\jre-1.8\bin\javaw.exe
0x00007ffec8bf0000 - 0x00007ffec8de8000 	C:\WINDOWS\SYSTEM32\ntdll.dll
0x00007ffec77e0000 - 0x00007ffec789d000 	C:\WINDOWS\System32\KERNEL32.DLL
0x00007ffec6460000 - 0x00007ffec6756000 	C:\WINDOWS\System32\KERNELBASE.dll
0x00007ffec78a0000 - 0x00007ffec7950000 	C:\WINDOWS\System32\ADVAPI32.dll
0x00007ffec75e0000 - 0x00007ffec767e000 	C:\WINDOWS\System32\msvcrt.dll
0x00007ffec6e10000 - 0x00007ffec6eb0000 	C:\WINDOWS\System32\sechost.dll
0x00007ffec8a80000 - 0x00007ffec8ba3000 	C:\WINDOWS\System32\RPCRT4.dll
0x00007ffec6880000 - 0x00007ffec68a7000 	C:\WINDOWS\System32\bcrypt.dll
0x00007ffec7440000 - 0x00007ffec75df000 	C:\WINDOWS\System32\USER32.dll
0x00007ffec6850000 - 0x00007ffec6872000 	C:\WINDOWS\System32\win32u.dll
0x00007ffec8710000 - 0x00007ffec873b000 	C:\WINDOWS\System32\GDI32.dll
0x00007ffec6a10000 - 0x00007ffec6b27000 	C:\WINDOWS\System32\gdi32full.dll
0x00007ffec6760000 - 0x00007ffec67fd000 	C:\WINDOWS\System32\msvcp_win.dll
0x00007ffec6b30000 - 0x00007ffec6c30000 	C:\WINDOWS\System32\ucrtbase.dll
0x00007ffeacd30000 - 0x00007ffeacfca000 	C:\WINDOWS\WinSxS\amd64_microsoft.windows.common-controls_6595b64144ccf1df_6.0.19041.4355_none_60b8b9eb71f62e16\COMCTL32.dll
0x00007ffec77b0000 - 0x00007ffec77df000 	C:\WINDOWS\System32\IMM32.DLL
0x00007ffec0890000 - 0x00007ffec08ab000 	C:\Program Files\Java\jre-1.8\bin\vcruntime140.dll
0x00007ffec2a50000 - 0x00007ffec2a5c000 	C:\Program Files\Java\jre-1.8\bin\vcruntime140_1.dll
0x00007ffeac8b0000 - 0x00007ffeac93e000 	C:\Program Files\Java\jre-1.8\bin\msvcp140.dll
0x00007ffe9b540000 - 0x00007ffe9bdf1000 	C:\Program Files\Java\jre-1.8\bin\server\jvm.dll
0x00007ffec7a30000 - 0x00007ffec7a38000 	C:\WINDOWS\System32\PSAPI.DLL
0x00007ffebdce0000 - 0x00007ffebdcea000 	C:\WINDOWS\SYSTEM32\VERSION.dll
0x00007ffec30b0000 - 0x00007ffec30b9000 	C:\WINDOWS\SYSTEM32\WSOCK32.dll
0x00007ffec82e0000 - 0x00007ffec834b000 	C:\WINDOWS\System32\WS2_32.dll
0x00007ffebc3d0000 - 0x00007ffebc3f7000 	C:\WINDOWS\SYSTEM32\WINMM.dll
0x00007ffec4a80000 - 0x00007ffec4a92000 	C:\WINDOWS\SYSTEM32\kernel.appcore.dll
0x00007ffec2ed0000 - 0x00007ffec2ee0000 	C:\Program Files\Java\jre-1.8\bin\verify.dll
0x00007ffec0640000 - 0x00007ffec066b000 	C:\Program Files\Java\jre-1.8\bin\java.dll
0x00007ffec2980000 - 0x00007ffec2998000 	C:\Program Files\Java\jre-1.8\bin\zip.dll
0x00007ffec7af0000 - 0x00007ffec825c000 	C:\WINDOWS\System32\SHELL32.dll
0x00007ffec42a0000 - 0x00007ffec4a3d000 	C:\WINDOWS\SYSTEM32\windows.storage.dll
0x00007ffec83b0000 - 0x00007ffec8703000 	C:\WINDOWS\System32\combase.dll
0x00007ffec5b20000 - 0x00007ffec5b4e000 	C:\WINDOWS\SYSTEM32\Wldp.dll
0x00007ffec89b0000 - 0x00007ffec8a7d000 	C:\WINDOWS\System32\OLEAUT32.dll
0x00007ffec6c30000 - 0x00007ffec6cdd000 	C:\WINDOWS\System32\SHCORE.dll
0x00007ffec8740000 - 0x00007ffec8795000 	C:\WINDOWS\System32\shlwapi.dll
0x00007ffec61e0000 - 0x00007ffec6204000 	C:\WINDOWS\SYSTEM32\profapi.dll
0x0000000065580000 - 0x0000000065616000 	C:\Users\Diego\AppData\Local\Temp\libgdxDiego\12dfaa03\gdx64.dll
0x00007ffec5b60000 - 0x00007ffec5b78000 	C:\WINDOWS\SYSTEM32\CRYPTSP.dll
0x00007ffec5240000 - 0x00007ffec5274000 	C:\WINDOWS\system32\rsaenh.dll
0x00007ffec6190000 - 0x00007ffec61be000 	C:\WINDOWS\SYSTEM32\USERENV.dll
0x00007ffec63d0000 - 0x00007ffec6452000 	C:\WINDOWS\System32\bcryptprimitives.dll
0x00007ffec5a90000 - 0x00007ffec5a9c000 	C:\WINDOWS\SYSTEM32\CRYPTBASE.dll
0x00007ffec1a60000 - 0x00007ffec1a7c000 	C:\Program Files\Java\jre-1.8\bin\net.dll
0x00007ffec5900000 - 0x00007ffec596a000 	C:\WINDOWS\system32\mswsock.dll
0x00007ffec5600000 - 0x00007ffec563b000 	C:\WINDOWS\SYSTEM32\IPHLPAPI.DLL
0x00007ffec77a0000 - 0x00007ffec77a8000 	C:\WINDOWS\System32\NSI.dll
0x00007ffebf160000 - 0x00007ffebf177000 	C:\WINDOWS\SYSTEM32\dhcpcsvc6.DLL
0x00007ffebfa80000 - 0x00007ffebfa9d000 	C:\WINDOWS\SYSTEM32\dhcpcsvc.DLL
0x00007ffec5640000 - 0x00007ffec570a000 	C:\WINDOWS\SYSTEM32\DNSAPI.dll
0x00007ffec19d0000 - 0x00007ffec19e3000 	C:\Program Files\Java\jre-1.8\bin\nio.dll
0x0000000180000000 - 0x0000000180053000 	C:\Users\Diego\AppData\Local\Temp\libgdxDiego\dc0f0009\lwjgl64.dll
0x00007ffeac3f0000 - 0x00007ffeac515000 	C:\WINDOWS\SYSTEM32\OPENGL32.dll
0x00007ffec0860000 - 0x00007ffec088c000 	C:\WINDOWS\SYSTEM32\GLU32.dll
0x000002467e230000 - 0x000002467e294000 	C:\Users\Diego\AppData\Local\Temp\libgdxDiego\dc0f0009\OpenAL64.dll
0x00007ffec6ce0000 - 0x00007ffec6e0b000 	C:\WINDOWS\System32\ole32.dll
0x00007ffec38b0000 - 0x00007ffec394e000 	C:\WINDOWS\system32\uxtheme.dll
0x00007ffec7a40000 - 0x00007ffec7ae9000 	C:\WINDOWS\System32\clbcatq.dll
0x00007ffeac350000 - 0x00007ffeac3ec000 	C:\WINDOWS\SYSTEM32\dsound.dll
0x00007ffec6100000 - 0x00007ffec614b000 	C:\WINDOWS\SYSTEM32\powrprof.dll
0x00007ffeaa0f0000 - 0x00007ffeaa116000 	C:\WINDOWS\SYSTEM32\winmmbase.dll
0x00007ffec60e0000 - 0x00007ffec60f2000 	C:\WINDOWS\SYSTEM32\UMPDC.dll
0x00007ffebde50000 - 0x00007ffebded5000 	C:\WINDOWS\System32\MMDevApi.dll
0x00007ffec5f60000 - 0x00007ffec5f93000 	C:\WINDOWS\System32\DEVOBJ.dll
0x00007ffec6800000 - 0x00007ffec684e000 	C:\WINDOWS\System32\cfgmgr32.dll
0x00007ffebd9d0000 - 0x00007ffebdb51000 	C:\WINDOWS\SYSTEM32\AUDIOSES.DLL
0x00007ffeafc20000 - 0x00007ffeafe04000 	C:\WINDOWS\SYSTEM32\dbghelp.dll

VM Arguments:
jvm_args: -Duser.language=es_AR -Dfile.encoding=UTF-8 
java_command: org.uqbar.project.wollok.launch.WollokLauncher -requestsPort 0 -eventsPort 0 -folder -dontValidate -wf src/juegoPrincipal.wpgm
java_class_path (initial): C:\Users\Diego\Desktop\PROGRAMAS\wollok-win32.win32.x86_64\workspace\juego\bin;C:\Users\Diego\Desktop\PROGRAMAS\wollok-win32.win32.x86_64\plugins\com.ibm.icu_64.2.0.v20190507-1337.jar;C:\Users\Diego\Desktop\PROGRAMAS\wollok-win32.win32.x86_64\plugins\org.eclipse.xtext_2.20.0.v20191202-0915.jar;C:\Users\Diego\Desktop\PROGRAMAS\wollok-win32.win32.x86_64\plugins\org.eclipse.emf.ecore.xmi_2.16.0.v20190528-0725.jar;C:\Users\Diego\Desktop\PROGRAMAS\wollok-win32.win32.x86_64\plugins\org.eclipse.emf.ecore_2.20.0.v20190920-0401.jar;C:\Users\Diego\Desktop\PROGRAMAS\wollok-win32.win32.x86_64\plugins\org.eclipse.emf.common_2.17.0.v20190920-0401.jar;C:\Users\Diego\Desktop\PROGRAMAS\wollok-win32.win32.x86_64\plugins\org.antlr.runtime_3.2.0.v201101311130.jar;C:\Users\Diego\Desktop\PROGRAMAS\wollok-win32.win32.x86_64\plugins\com.google.inject_3.0.0.v201605172100.jar;C:\Users\Diego\Desktop\PROGRAMAS\wollok-win32.win32.x86_64\plugins\org.eclipse.emf.mwe.core_1.5.1.v20191121-1148.jar;C:\Users\Diego\Desktop\PROGRAMAS\wollok-win32.win32.x86_64\plugins\org.apache.commons.cli_1.2.0.v201404270220.jar;C:\Users\Diego\Desktop\PROGRAMAS\wollok-win32.win32.x86_64\plugins\org.eclipse.emf.mwe2.runtime_2.11.1.v20191121-1148.jar;C:\Users\Diego\Desktop\PROGRAMAS\wollok-win32.win32.x86_64\plugins\org.eclipse.emf.mwe.utils_1.5.1.v20191121-1148.jar;C:\Users\Diego\Desktop\PROGRAMAS\wollok-win32.win32.x86_64\plugins\org.eclipse.xtext.util_2.20.0.v20191202-0915.jar;C:\Users\Diego\Desktop\PROGRAMAS\wollok-win32.win32.x86_64\plugins\com.google.guava_27.1.0.v20190517-1946.jar;C:\Users\Diego\Desktop\PROGRAMAS\wollok-win32.win32.x86_64\plugins\javax.inject_1.0.0.v20091030.jar;C:\Users\Diego\Desktop\PROGRAMAS\wollok-win32.win32.x86_64\plugins\org.eclipse.xtext.generator_2.20.0.v20191202-0933.jar;C:\Users\Diego\Desktop\PROGRAMAS\wollok-win32.win32.x86_64\plugins\org.eclipse.xtext.xtext.generator_2.20.0.v20191202-0915.jar;C:\Users\Diego\Desktop\PROGRAMAS\wollok-win32.win32.x86_64\plug
Launcher Type: SUN_STANDARD

Environment Variables:
PATH=C:/Program Files/Java/jre-1.8/bin/server;C:/Program Files/Java/jre-1.8/bin;C:/Program Files/Java/jre-1.8/lib/amd64;C:\Program Files\Common Files\Oracle\Java\javapath;C:\Program Files (x86)\Common Files\Oracle\Java\java8path;C:\Program Files (x86)\Common Files\Oracle\Java\javapath;C:\WINDOWS\system32;C:\WINDOWS;C:\WINDOWS\System32\Wbem;C:\WINDOWS\System32\WindowsPowerShell\v1.0\;C:\WINDOWS\System32\OpenSSH\;C:\Program Files\Git\cmd;C:\Program Files\nodejs\;C:\Program Files\apache-maven-3.9.6\bin;;C:\Program Files\Docker\Docker\resources\bin;C:\Users\Diego\AppData\Local\Programs\Python\Launcher\;C:\Users\Diego\AppData\Local\Microsoft\WindowsApps;C:\Users\Diego\AppData\Roaming\npm;C:\Users\Diego\AppData\Local\Programs\Microsoft VS Code\bin;C:\Users\Diego\.fly\bin;C:\Users\Diego\Desktop\PROGRAMAS\wollok-win32.win32.x86_64;
USERNAME=Diego
OS=Windows_NT
PROCESSOR_IDENTIFIER=AMD64 Family 23 Model 17 Stepping 0, AuthenticAMD



---------------  S Y S T E M  ---------------

OS: Windows 10 , 64 bit Build 19041 (10.0.19041.3636)

CPU:total 8 (initial active 8) (8 cores per cpu, 1 threads per core) family 23 model 17 stepping 0, cmov, cx8, fxsr, mmx, sse, sse2, sse3, ssse3, sse4.1, sse4.2, popcnt, avx, avx2, aes, clmul, mmxext, 3dnowpref, lzcnt, sse4a, tsc, tscinvbit, tscinv, bmi1

Memory: 4k page, physical 6190580k(1210648k free), swap 11695604k(3658668k free)

vm_info: Java HotSpot(TM) 64-Bit Server VM (25.411-b09) for windows-amd64 JRE (1.8.0_411-b09), built on Mar 13 2024 07:26:13 by "java_re" with MS VC++ 17.1 (VS2022)

time: Tue Jun 18 11:33:49 2024
timezone: Hora estándar de Argentina
elapsed time: 4.759941 seconds (0d 0h 0m 4s)

